
############################
Starting apt-get-autoupdater
Tue Oct 19 09:30:01 UTC 2021

Reading package lists...
Building dependency tree...
Reading state information...
Get:1 http://mirrors.digitalocean.com/ubuntu focal InRelease [265 kB]
Hit:2 https://repos-droplet.digitalocean.com/apt/droplet-agent main InRelease
Hit:3 http://ppa.launchpad.net/ondrej/php/ubuntu focal InRelease
Hit:4 http://mirrors.digitalocean.com/ubuntu focal-updates InRelease
Hit:5 http://mirrors.digitalocean.com/ubuntu focal-backports InRelease
Get:6 http://security.ubuntu.com/ubuntu focal-security InRelease [114 kB]
Fetched 379 kB in 6s (67.5 kB/s)
Reading package lists...
Reading package lists...
Building dependency tree...
Reading state information...
0 upgraded, 0 newly installed, 0 to remove and 66 not upgraded.
Reading package lists...
Building dependency tree...
Reading state information...
Calculating upgrade...
The following packages have been kept back:
  fwupd fwupd-signed libfwupd2 libfwupdplugin1 linux-headers-generic
  linux-headers-virtual linux-image-virtual linux-virtual
The following packages will be upgraded:
  alsa-ucm-conf base-files cloud-init grub-common grub-pc grub-pc-bin
  grub2-common initramfs-tools initramfs-tools-bin initramfs-tools-core
  libargon2-1 libdrm-common libdrm2 libglib2.0-0 libglib2.0-bin
  libglib2.0-data libidn2-0 libnetplan0 libnss-systemd libpam-modules
  libpam-modules-bin libpam-runtime libpam-systemd libpam0g libpcre2-8-0
  libpcre3 libprocps8 libsystemd0 libudev1 libxml2 libzstd1 linux-base login
  motd-news-config netplan.io networkd-dispatcher open-vm-tools openssh-client
  openssh-server openssh-sftp-server passwd procps python-apt-common
  python3-apt python3-distupgrade python3-update-manager shim shim-signed
  snapd sosreport systemd systemd-sysv systemd-timesyncd
  ubuntu-advantage-tools ubuntu-release-upgrader-core udev update-manager-core
  update-notifier-common
58 upgraded, 0 newly installed, 0 to remove and 8 not upgraded.
Need to get 49.0 MB of archives.
After this operation, 7988 kB of additional disk space will be used.
Get:1 http://ppa.launchpad.net/ondrej/php/ubuntu focal/main amd64 libidn2-0 amd64 2.3.0-1+ubuntu20.04.1+deb.sury.org+2 [68.7 kB]
Get:2 http://mirrors.digitalocean.com/ubuntu focal-updates/main amd64 motd-news-config all 11ubuntu5.4 [4544 B]
Get:3 http://mirrors.digitalocean.com/ubuntu focal-updates/main amd64 base-files amd64 11ubuntu5.4 [60.6 kB]
Get:4 http://ppa.launchpad.net/ondrej/php/ubuntu focal/main amd64 libpcre2-8-0 amd64 10.38-2+ubuntu20.04.1+deb.sury.org+1 [201 kB]
Get:5 http://mirrors.digitalocean.com/ubuntu focal-updates/main amd64 login amd64 1:4.8.1-1ubuntu5.20.04.1 [220 kB]
Get:6 http://ppa.launchpad.net/ondrej/php/ubuntu focal/main amd64 libpcre3 amd64 2:8.44-2+ubuntu20.04.1+deb.sury.org+1 [240 kB]
Get:7 http://mirrors.digitalocean.com/ubuntu focal-updates/main amd64 libpam0g amd64 1.3.1-5ubuntu4.3 [55.4 kB]
Get:8 http://ppa.launchpad.net/ondrej/php/ubuntu focal/main amd64 libxml2 amd64 2.9.12+dfsg-0+ubuntu20.04.1+deb.sury.org+1 [705 kB]
Get:9 http://mirrors.digitalocean.com/ubuntu focal-updates/main amd64 libpam-modules-bin amd64 1.3.1-5ubuntu4.3 [41.2 kB]
Get:10 http://mirrors.digitalocean.com/ubuntu focal-updates/main amd64 libpam-modules amd64 1.3.1-5ubuntu4.3 [260 kB]
Get:11 http://ppa.launchpad.net/ondrej/php/ubuntu focal/main amd64 libzstd1 amd64 1.4.8+dfsg-2+ubuntu20.04.1+deb.sury.org+4 [318 kB]
Get:12 http://mirrors.digitalocean.com/ubuntu focal-updates/main amd64 libnss-systemd amd64 245.4-4ubuntu3.13 [95.8 kB]
Get:13 http://ppa.launchpad.net/ondrej/php/ubuntu focal/main amd64 libargon2-1 amd64 0~20190702-0.1+ubuntu20.04.1+deb.sury.org+1 [19.5 kB]
Get:14 http://mirrors.digitalocean.com/ubuntu focal-updates/main amd64 udev amd64 245.4-4ubuntu3.13 [1365 kB]
Get:15 http://mirrors.digitalocean.com/ubuntu focal-updates/main amd64 libudev1 amd64 245.4-4ubuntu3.13 [77.6 kB]
Get:16 http://mirrors.digitalocean.com/ubuntu focal-updates/main amd64 systemd-sysv amd64 245.4-4ubuntu3.13 [10.3 kB]
Get:17 http://mirrors.digitalocean.com/ubuntu focal-updates/main amd64 systemd-timesyncd amd64 245.4-4ubuntu3.13 [28.1 kB]
Get:18 http://mirrors.digitalocean.com/ubuntu focal-updates/main amd64 libpam-runtime all 1.3.1-5ubuntu4.3 [37.3 kB]
Get:19 http://mirrors.digitalocean.com/ubuntu focal-updates/main amd64 libpam-systemd amd64 245.4-4ubuntu3.13 [186 kB]
Get:20 http://mirrors.digitalocean.com/ubuntu focal-updates/main amd64 systemd amd64 245.4-4ubuntu3.13 [3809 kB]
Get:21 http://mirrors.digitalocean.com/ubuntu focal-updates/main amd64 libsystemd0 amd64 245.4-4ubuntu3.13 [270 kB]
Get:22 http://mirrors.digitalocean.com/ubuntu focal-updates/main amd64 python-apt-common all 2.0.0ubuntu0.20.04.6 [17.1 kB]
Get:23 http://mirrors.digitalocean.com/ubuntu focal-updates/main amd64 python3-apt amd64 2.0.0ubuntu0.20.04.6 [154 kB]
Get:24 http://mirrors.digitalocean.com/ubuntu focal-updates/main amd64 ubuntu-release-upgrader-core all 1:20.04.36 [23.8 kB]
Get:25 http://mirrors.digitalocean.com/ubuntu focal-updates/main amd64 update-manager-core all 1:20.04.10.9 [11.5 kB]
Get:26 http://mirrors.digitalocean.com/ubuntu focal-updates/main amd64 python3-distupgrade all 1:20.04.36 [104 kB]
Get:27 http://mirrors.digitalocean.com/ubuntu focal-updates/main amd64 python3-update-manager all 1:20.04.10.9 [38.1 kB]
Get:28 http://mirrors.digitalocean.com/ubuntu focal-updates/main amd64 ubuntu-advantage-tools amd64 27.2.2~20.04.1 [843 kB]
Get:29 http://mirrors.digitalocean.com/ubuntu focal-updates/main amd64 update-notifier-common all 3.192.30.9 [133 kB]
Get:30 http://mirrors.digitalocean.com/ubuntu focal-updates/main amd64 libprocps8 amd64 2:3.3.16-1ubuntu2.3 [33.0 kB]
Get:31 http://mirrors.digitalocean.com/ubuntu focal-updates/main amd64 procps amd64 2:3.3.16-1ubuntu2.3 [233 kB]
Get:32 http://mirrors.digitalocean.com/ubuntu focal-updates/main amd64 libdrm-common all 2.4.105-3~20.04.2 [5552 B]
Get:33 http://mirrors.digitalocean.com/ubuntu focal-updates/main amd64 libdrm2 amd64 2.4.105-3~20.04.2 [32.3 kB]
Get:34 http://mirrors.digitalocean.com/ubuntu focal-updates/main amd64 libglib2.0-data all 2.64.6-1~ubuntu20.04.4 [6052 B]
Get:35 http://mirrors.digitalocean.com/ubuntu focal-updates/main amd64 libglib2.0-bin amd64 2.64.6-1~ubuntu20.04.4 [72.6 kB]
Get:36 http://mirrors.digitalocean.com/ubuntu focal-updates/main amd64 libglib2.0-0 amd64 2.64.6-1~ubuntu20.04.4 [1287 kB]
Get:37 http://mirrors.digitalocean.com/ubuntu focal-updates/universe amd64 open-vm-tools amd64 2:11.3.0-2ubuntu0~ubuntu20.04.1 [648 kB]
Get:38 http://mirrors.digitalocean.com/ubuntu focal-updates/main amd64 passwd amd64 1:4.8.1-1ubuntu5.20.04.1 [799 kB]
Get:39 http://mirrors.digitalocean.com/ubuntu focal-updates/main amd64 libnetplan0 amd64 0.103-0ubuntu5~20.04.1 [52.2 kB]
Get:40 http://mirrors.digitalocean.com/ubuntu focal-updates/main amd64 initramfs-tools all 0.136ubuntu6.6 [9248 B]
Get:41 http://mirrors.digitalocean.com/ubuntu focal-updates/main amd64 initramfs-tools-core all 0.136ubuntu6.6 [47.7 kB]
Get:42 http://mirrors.digitalocean.com/ubuntu focal-updates/main amd64 initramfs-tools-bin amd64 0.136ubuntu6.6 [10.9 kB]
Get:43 http://mirrors.digitalocean.com/ubuntu focal-updates/main amd64 linux-base all 4.5ubuntu3.6 [17.8 kB]
Get:44 http://mirrors.digitalocean.com/ubuntu focal-updates/main amd64 netplan.io amd64 0.103-0ubuntu5~20.04.1 [122 kB]
Get:45 http://mirrors.digitalocean.com/ubuntu focal-updates/main amd64 networkd-dispatcher all 2.1-2~ubuntu20.04.1 [14.6 kB]
Get:46 http://mirrors.digitalocean.com/ubuntu focal-updates/main amd64 openssh-sftp-server amd64 1:8.2p1-4ubuntu0.3 [51.5 kB]
Get:47 http://mirrors.digitalocean.com/ubuntu focal-updates/main amd64 openssh-server amd64 1:8.2p1-4ubuntu0.3 [377 kB]
Get:48 http://mirrors.digitalocean.com/ubuntu focal-updates/main amd64 openssh-client amd64 1:8.2p1-4ubuntu0.3 [671 kB]
Get:49 http://mirrors.digitalocean.com/ubuntu focal-updates/main amd64 alsa-ucm-conf all 1.2.2-1ubuntu0.10 [26.9 kB]
Get:50 http://mirrors.digitalocean.com/ubuntu focal-updates/main amd64 grub2-common amd64 2.04-1ubuntu26.13 [590 kB]
Get:51 http://mirrors.digitalocean.com/ubuntu focal-updates/main amd64 grub-pc amd64 2.04-1ubuntu26.13 [125 kB]
Get:52 http://mirrors.digitalocean.com/ubuntu focal-updates/main amd64 grub-pc-bin amd64 2.04-1ubuntu26.13 [971 kB]
Get:53 http://mirrors.digitalocean.com/ubuntu focal-updates/main amd64 grub-common amd64 2.04-1ubuntu26.13 [1875 kB]
Get:54 http://mirrors.digitalocean.com/ubuntu focal-updates/main amd64 shim amd64 15.4-0ubuntu9 [12.7 kB]
Get:55 http://mirrors.digitalocean.com/ubuntu focal-updates/main amd64 shim-signed amd64 1.40.7+15.4-0ubuntu9 [448 kB]
Get:56 http://mirrors.digitalocean.com/ubuntu focal-updates/main amd64 snapd amd64 2.51.1+20.04ubuntu2 [30.4 MB]
Get:57 http://mirrors.digitalocean.com/ubuntu focal-updates/main amd64 sosreport amd64 4.1-1ubuntu0.20.04.3 [245 kB]
Get:58 http://mirrors.digitalocean.com/ubuntu focal-updates/main amd64 cloud-init all 21.3-1-g6803368d-0ubuntu1~20.04.4 [471 kB]
Fetched 49.0 MB in 4s (12.5 MB/s)
Download complete and in download only mode
Reading package lists...
Building dependency tree...
Reading state information...
0 upgraded, 0 newly installed, 0 to remove and 66 not upgraded.

############################
Starting apt-get-autoupdater
Wed Oct 20 02:00:01 CEST 2021

Reading package lists...
Building dependency tree...
Reading state information...
Get:1 http://mirrors.digitalocean.com/ubuntu focal InRelease [265 kB]
Hit:2 https://repos-droplet.digitalocean.com/apt/droplet-agent main InRelease
Get:3 http://mirrors.digitalocean.com/ubuntu focal-updates InRelease [114 kB]
Get:4 http://mirrors.digitalocean.com/ubuntu focal-backports InRelease [101 kB]
Get:5 http://mirrors.digitalocean.com/ubuntu focal-updates/main amd64 Packages [1284 kB]
Get:6 http://security.ubuntu.com/ubuntu focal-security InRelease [114 kB]
Hit:7 http://ppa.launchpad.net/ondrej/php/ubuntu focal InRelease
Get:8 http://security.ubuntu.com/ubuntu focal-security/main amd64 Packages [935 kB]
Get:9 http://security.ubuntu.com/ubuntu focal-security/main Translation-en [177 kB]
Get:10 http://security.ubuntu.com/ubuntu focal-security/main amd64 c-n-f Metadata [8840 B]
Get:11 http://security.ubuntu.com/ubuntu focal-security/restricted amd64 Packages [475 kB]
Get:12 http://security.ubuntu.com/ubuntu focal-security/restricted Translation-en [68.3 kB]
Get:13 http://security.ubuntu.com/ubuntu focal-security/universe amd64 Packages [646 kB]
Get:14 http://security.ubuntu.com/ubuntu focal-security/universe Translation-en [106 kB]
Get:15 http://security.ubuntu.com/ubuntu focal-security/universe amd64 c-n-f Metadata [12.7 kB]
Get:16 http://mirrors.digitalocean.com/ubuntu focal-updates/main Translation-en [268 kB]
Get:17 http://mirrors.digitalocean.com/ubuntu focal-updates/main amd64 c-n-f Metadata [14.4 kB]
Get:18 http://mirrors.digitalocean.com/ubuntu focal-updates/restricted amd64 Packages [516 kB]
Get:19 http://mirrors.digitalocean.com/ubuntu focal-updates/restricted Translation-en [74.0 kB]
Get:20 http://mirrors.digitalocean.com/ubuntu focal-updates/universe amd64 Packages [866 kB]
Get:21 http://mirrors.digitalocean.com/ubuntu focal-updates/universe amd64 c-n-f Metadata [19.2 kB]
Fetched 6064 kB in 5s (1170 kB/s)
Reading package lists...
Reading package lists...
Building dependency tree...
Reading state information...
0 upgraded, 0 newly installed, 0 to remove and 66 not upgraded.
Reading package lists...
Building dependency tree...
Reading state information...
Calculating upgrade...
The following packages have been kept back:
  fwupd fwupd-signed libfwupd2 libfwupdplugin1 linux-headers-generic
  linux-headers-virtual linux-image-virtual linux-virtual
The following packages will be upgraded:
  alsa-ucm-conf base-files cloud-init grub-common grub-pc grub-pc-bin
  grub2-common initramfs-tools initramfs-tools-bin initramfs-tools-core
  libargon2-1 libdrm-common libdrm2 libglib2.0-0 libglib2.0-bin
  libglib2.0-data libidn2-0 libnetplan0 libnss-systemd libpam-modules
  libpam-modules-bin libpam-runtime libpam-systemd libpam0g libpcre2-8-0
  libpcre3 libprocps8 libsystemd0 libudev1 libxml2 libzstd1 linux-base login
  motd-news-config netplan.io networkd-dispatcher open-vm-tools openssh-client
  openssh-server openssh-sftp-server passwd procps python-apt-common
  python3-apt python3-distupgrade python3-update-manager shim shim-signed
  snapd sosreport systemd systemd-sysv systemd-timesyncd
  ubuntu-advantage-tools ubuntu-release-upgrader-core udev update-manager-core
  update-notifier-common
58 upgraded, 0 newly installed, 0 to remove and 8 not upgraded.
Need to get 49.0 MB of archives.
After this operation, 7988 kB of additional disk space will be used.
Get:1 http://ppa.launchpad.net/ondrej/php/ubuntu focal/main amd64 libidn2-0 amd64 2.3.0-1+ubuntu20.04.1+deb.sury.org+2 [68.7 kB]
Get:2 http://mirrors.digitalocean.com/ubuntu focal-updates/main amd64 motd-news-config all 11ubuntu5.4 [4544 B]
Get:3 http://mirrors.digitalocean.com/ubuntu focal-updates/main amd64 base-files amd64 11ubuntu5.4 [60.6 kB]
Get:4 http://ppa.launchpad.net/ondrej/php/ubuntu focal/main amd64 libpcre2-8-0 amd64 10.38-2+ubuntu20.04.1+deb.sury.org+1 [201 kB]
Get:5 http://mirrors.digitalocean.com/ubuntu focal-updates/main amd64 login amd64 1:4.8.1-1ubuntu5.20.04.1 [220 kB]
Get:6 http://ppa.launchpad.net/ondrej/php/ubuntu focal/main amd64 libpcre3 amd64 2:8.44-2+ubuntu20.04.1+deb.sury.org+1 [240 kB]
Get:7 http://mirrors.digitalocean.com/ubuntu focal-updates/main amd64 libpam0g amd64 1.3.1-5ubuntu4.3 [55.4 kB]
Get:8 http://ppa.launchpad.net/ondrej/php/ubuntu focal/main amd64 libxml2 amd64 2.9.12+dfsg-0+ubuntu20.04.1+deb.sury.org+1 [705 kB]
Get:9 http://mirrors.digitalocean.com/ubuntu focal-updates/main amd64 libpam-modules-bin amd64 1.3.1-5ubuntu4.3 [41.2 kB]
Get:10 http://mirrors.digitalocean.com/ubuntu focal-updates/main amd64 libpam-modules amd64 1.3.1-5ubuntu4.3 [260 kB]
Get:11 http://ppa.launchpad.net/ondrej/php/ubuntu focal/main amd64 libzstd1 amd64 1.4.8+dfsg-2+ubuntu20.04.1+deb.sury.org+4 [318 kB]
Get:12 http://mirrors.digitalocean.com/ubuntu focal-updates/main amd64 libnss-systemd amd64 245.4-4ubuntu3.13 [95.8 kB]
Get:13 http://mirrors.digitalocean.com/ubuntu focal-updates/main amd64 udev amd64 245.4-4ubuntu3.13 [1365 kB]
Get:14 http://mirrors.digitalocean.com/ubuntu focal-updates/main amd64 libudev1 amd64 245.4-4ubuntu3.13 [77.6 kB]
Get:15 http://ppa.launchpad.net/ondrej/php/ubuntu focal/main amd64 libargon2-1 amd64 0~20190702-0.1+ubuntu20.04.1+deb.sury.org+1 [19.5 kB]
Get:16 http://mirrors.digitalocean.com/ubuntu focal-updates/main amd64 systemd-sysv amd64 245.4-4ubuntu3.13 [10.3 kB]
Get:17 http://mirrors.digitalocean.com/ubuntu focal-updates/main amd64 systemd-timesyncd amd64 245.4-4ubuntu3.13 [28.1 kB]
Get:18 http://mirrors.digitalocean.com/ubuntu focal-updates/main amd64 libpam-runtime all 1.3.1-5ubuntu4.3 [37.3 kB]
Get:19 http://mirrors.digitalocean.com/ubuntu focal-updates/main amd64 libpam-systemd amd64 245.4-4ubuntu3.13 [186 kB]
Get:20 http://mirrors.digitalocean.com/ubuntu focal-updates/main amd64 systemd amd64 245.4-4ubuntu3.13 [3809 kB]
Get:21 http://mirrors.digitalocean.com/ubuntu focal-updates/main amd64 libsystemd0 amd64 245.4-4ubuntu3.13 [270 kB]
Get:22 http://mirrors.digitalocean.com/ubuntu focal-updates/main amd64 python-apt-common all 2.0.0ubuntu0.20.04.6 [17.1 kB]
Get:23 http://mirrors.digitalocean.com/ubuntu focal-updates/main amd64 python3-apt amd64 2.0.0ubuntu0.20.04.6 [154 kB]
Get:24 http://mirrors.digitalocean.com/ubuntu focal-updates/main amd64 ubuntu-release-upgrader-core all 1:20.04.36 [23.8 kB]
Get:25 http://mirrors.digitalocean.com/ubuntu focal-updates/main amd64 update-manager-core all 1:20.04.10.9 [11.5 kB]
Get:26 http://mirrors.digitalocean.com/ubuntu focal-updates/main amd64 python3-distupgrade all 1:20.04.36 [104 kB]
Get:27 http://mirrors.digitalocean.com/ubuntu focal-updates/main amd64 python3-update-manager all 1:20.04.10.9 [38.1 kB]
Get:28 http://mirrors.digitalocean.com/ubuntu focal-updates/main amd64 ubuntu-advantage-tools amd64 27.2.2~20.04.1 [843 kB]
Get:29 http://mirrors.digitalocean.com/ubuntu focal-updates/main amd64 update-notifier-common all 3.192.30.9 [133 kB]
Get:30 http://mirrors.digitalocean.com/ubuntu focal-updates/main amd64 libprocps8 amd64 2:3.3.16-1ubuntu2.3 [33.0 kB]
Get:31 http://mirrors.digitalocean.com/ubuntu focal-updates/main amd64 procps amd64 2:3.3.16-1ubuntu2.3 [233 kB]
Get:32 http://mirrors.digitalocean.com/ubuntu focal-updates/main amd64 libdrm-common all 2.4.105-3~20.04.2 [5552 B]
Get:33 http://mirrors.digitalocean.com/ubuntu focal-updates/main amd64 libdrm2 amd64 2.4.105-3~20.04.2 [32.3 kB]
Get:34 http://mirrors.digitalocean.com/ubuntu focal-updates/main amd64 libglib2.0-data all 2.64.6-1~ubuntu20.04.4 [6052 B]
Get:35 http://mirrors.digitalocean.com/ubuntu focal-updates/main amd64 libglib2.0-bin amd64 2.64.6-1~ubuntu20.04.4 [72.6 kB]
Get:36 http://mirrors.digitalocean.com/ubuntu focal-updates/main amd64 libglib2.0-0 amd64 2.64.6-1~ubuntu20.04.4 [1287 kB]
Get:37 http://mirrors.digitalocean.com/ubuntu focal-updates/universe amd64 open-vm-tools amd64 2:11.3.0-2ubuntu0~ubuntu20.04.1 [648 kB]
Get:38 http://mirrors.digitalocean.com/ubuntu focal-updates/main amd64 passwd amd64 1:4.8.1-1ubuntu5.20.04.1 [799 kB]
Get:39 http://mirrors.digitalocean.com/ubuntu focal-updates/main amd64 libnetplan0 amd64 0.103-0ubuntu5~20.04.1 [52.2 kB]
Get:40 http://mirrors.digitalocean.com/ubuntu focal-updates/main amd64 initramfs-tools all 0.136ubuntu6.6 [9248 B]
Get:41 http://mirrors.digitalocean.com/ubuntu focal-updates/main amd64 initramfs-tools-core all 0.136ubuntu6.6 [47.7 kB]
Get:42 http://mirrors.digitalocean.com/ubuntu focal-updates/main amd64 initramfs-tools-bin amd64 0.136ubuntu6.6 [10.9 kB]
Get:43 http://mirrors.digitalocean.com/ubuntu focal-updates/main amd64 linux-base all 4.5ubuntu3.6 [17.8 kB]
Get:44 http://mirrors.digitalocean.com/ubuntu focal-updates/main amd64 netplan.io amd64 0.103-0ubuntu5~20.04.1 [122 kB]
Get:45 http://mirrors.digitalocean.com/ubuntu focal-updates/main amd64 networkd-dispatcher all 2.1-2~ubuntu20.04.1 [14.6 kB]
Get:46 http://mirrors.digitalocean.com/ubuntu focal-updates/main amd64 openssh-sftp-server amd64 1:8.2p1-4ubuntu0.3 [51.5 kB]
Get:47 http://mirrors.digitalocean.com/ubuntu focal-updates/main amd64 openssh-server amd64 1:8.2p1-4ubuntu0.3 [377 kB]
Get:48 http://mirrors.digitalocean.com/ubuntu focal-updates/main amd64 openssh-client amd64 1:8.2p1-4ubuntu0.3 [671 kB]
Get:49 http://mirrors.digitalocean.com/ubuntu focal-updates/main amd64 alsa-ucm-conf all 1.2.2-1ubuntu0.10 [26.9 kB]
Get:50 http://mirrors.digitalocean.com/ubuntu focal-updates/main amd64 grub2-common amd64 2.04-1ubuntu26.13 [590 kB]
Get:51 http://mirrors.digitalocean.com/ubuntu focal-updates/main amd64 grub-pc amd64 2.04-1ubuntu26.13 [125 kB]
Get:52 http://mirrors.digitalocean.com/ubuntu focal-updates/main amd64 grub-pc-bin amd64 2.04-1ubuntu26.13 [971 kB]
Get:53 http://mirrors.digitalocean.com/ubuntu focal-updates/main amd64 grub-common amd64 2.04-1ubuntu26.13 [1875 kB]
Get:54 http://mirrors.digitalocean.com/ubuntu focal-updates/main amd64 shim amd64 15.4-0ubuntu9 [12.7 kB]
Get:55 http://mirrors.digitalocean.com/ubuntu focal-updates/main amd64 shim-signed amd64 1.40.7+15.4-0ubuntu9 [448 kB]
Get:56 http://mirrors.digitalocean.com/ubuntu focal-updates/main amd64 snapd amd64 2.51.1+20.04ubuntu2 [30.4 MB]
Get:57 http://mirrors.digitalocean.com/ubuntu focal-updates/main amd64 sosreport amd64 4.1-1ubuntu0.20.04.3 [245 kB]
Get:58 http://mirrors.digitalocean.com/ubuntu focal-updates/main amd64 cloud-init all 21.3-1-g6803368d-0ubuntu1~20.04.4 [471 kB]
Fetched 49.0 MB in 4s (11.1 MB/s)
Download complete and in download only mode
Reading package lists...
Building dependency tree...
Reading state information...
0 upgraded, 0 newly installed, 0 to remove and 66 not upgraded.
